18-06-11 16:50:30 [1] FIXED_PARAMETERS
 {'model_type': 'esim', 'model_name': 'petModel-3', 'training_mnli': '../data/multinli_0.9/multinli_0.9_train.jsonl', 'dev_matched': '../data/multinli_0.9/multinli_0.9_dev_matched.jsonl', 'dev_mismatched': '../data/multinli_0.9/multinli_0.9_dev_mismatched.jsonl', 'test_matched': '../data\\temp.jsonl', 'test_mismatched': '../data\\temp.jsonl', 'training_snli': '../data/snli_1.0/snli_1.0_train.jsonl', 'dev_snli': '../data/snli_1.0/snli_1.0_dev.jsonl', 'test_snli': '../data/snli_1.0/snli_1.0_test.jsonl', 'embedding_data_path': '../data/glove.840B.300d.txt', 'log_path': '../logs', 'ckpt_path': '../logs', 'embeddings_to_load': None, 'word_embedding_dim': 300, 'hidden_embedding_dim': 300, 'seq_length': 25, 'keep_rate': 0.9, 'batch_size': 32, 'learning_rate': 0.0004, 'emb_train': True, 'alpha': 0.0, 'genre': None}
18-06-11 16:50:30 [1] Loading data
18-06-11 16:51:01 [1] Created and removed empty file called temp.jsonl since test set is not available.
18-06-11 16:51:01 [1] Building dictionary
18-06-11 16:51:18 [1] Padding and indexifying sentences
18-06-11 16:52:48 [1] Loading embeddings
18-06-11 16:54:32 [1] Building model from esim.py
18-06-11 16:56:09 [1] Initializing variables
18-06-11 16:56:32 [1] Training...
18-06-11 17:07:13 [1] FIXED_PARAMETERS
 {'model_type': 'esim', 'model_name': 'petModel-3', 'training_mnli': '../data/multinli_0.9/multinli_0.9_train.jsonl', 'dev_matched': '../data/multinli_0.9/multinli_0.9_dev_matched.jsonl', 'dev_mismatched': '../data/multinli_0.9/multinli_0.9_dev_mismatched.jsonl', 'test_matched': '../data\\temp.jsonl', 'test_mismatched': '../data\\temp.jsonl', 'training_snli': '../data/snli_1.0/snli_1.0_train.jsonl', 'dev_snli': '../data/snli_1.0/snli_1.0_dev.jsonl', 'test_snli': '../data/snli_1.0/snli_1.0_test.jsonl', 'embedding_data_path': '../data/glove.840B.300d.txt', 'log_path': '../logs', 'ckpt_path': '../logs', 'embeddings_to_load': None, 'word_embedding_dim': 300, 'hidden_embedding_dim': 300, 'seq_length': 25, 'keep_rate': 0.9, 'batch_size': 32, 'learning_rate': 0.0004, 'emb_train': True, 'alpha': 0.0, 'genre': None}
18-06-11 17:07:13 [1] Loading data
18-06-11 17:07:46 [1] Created and removed empty file called temp.jsonl since test set is not available.
18-06-11 17:07:46 [1] Loading dictionary from ../logs\petModel-3.p
18-06-11 17:07:46 [1] Padding and indexifying sentences
18-06-11 17:08:57 [1] Loading embeddings
18-06-11 17:10:25 [1] Building model from esim.py
18-06-11 17:11:28 [1] Initializing variables
18-06-11 17:11:43 [1] Training...
18-06-11 17:19:46 [1] FIXED_PARAMETERS
 {'model_type': 'esim', 'model_name': 'petModel-3', 'training_mnli': '../data/multinli_0.9/multinli_0.9_train.jsonl', 'dev_matched': '../data/multinli_0.9/multinli_0.9_dev_matched.jsonl', 'dev_mismatched': '../data/multinli_0.9/multinli_0.9_dev_mismatched.jsonl', 'test_matched': '../data\\temp.jsonl', 'test_mismatched': '../data\\temp.jsonl', 'training_snli': '../data/snli_1.0/snli_1.0_train.jsonl', 'dev_snli': '../data/snli_1.0/snli_1.0_dev.jsonl', 'test_snli': '../data/snli_1.0/snli_1.0_test.jsonl', 'embedding_data_path': '../data/glove.840B.300d.txt', 'log_path': '../logs', 'ckpt_path': '../logs', 'embeddings_to_load': None, 'word_embedding_dim': 300, 'hidden_embedding_dim': 300, 'seq_length': 25, 'keep_rate': 0.9, 'batch_size': 32, 'learning_rate': 0.0004, 'emb_train': True, 'alpha': 0.0, 'genre': None}
18-06-11 17:19:46 [1] Loading data
18-06-11 17:20:13 [1] Created and removed empty file called temp.jsonl since test set is not available.
18-06-11 17:20:13 [1] Loading dictionary from ../logs\petModel-3.p
18-06-11 17:20:13 [1] Padding and indexifying sentences
18-06-11 17:21:05 [1] Loading embeddings
18-06-11 17:22:34 [1] Building model from esim.py
18-06-11 21:08:50 [1] FIXED_PARAMETERS
 {'model_type': 'esim', 'model_name': 'petModel-3', 'training_mnli': '../data/multinli_0.9/multinli_0.9_train.jsonl', 'dev_matched': '../data/multinli_0.9/multinli_0.9_dev_matched.jsonl', 'dev_mismatched': '../data/multinli_0.9/multinli_0.9_dev_mismatched.jsonl', 'test_matched': '../data\\temp.jsonl', 'test_mismatched': '../data\\temp.jsonl', 'training_snli': '../data/snli_1.0/snli_1.0_train.jsonl', 'dev_snli': '../data/snli_1.0/snli_1.0_dev.jsonl', 'test_snli': '../data/snli_1.0/snli_1.0_test.jsonl', 'embedding_data_path': '../data/glove.840B.300d.txt', 'log_path': '../logs', 'ckpt_path': '../logs', 'embeddings_to_load': None, 'word_embedding_dim': 300, 'hidden_embedding_dim': 300, 'seq_length': 25, 'keep_rate': 0.9, 'batch_size': 32, 'learning_rate': 0.0004, 'emb_train': True, 'alpha': 0.0, 'genre': None}
18-06-11 21:08:50 [1] Loading data
18-06-11 21:09:16 [1] Created and removed empty file called temp.jsonl since test set is not available.
18-06-11 21:09:16 [1] Loading dictionary from ../logs\petModel-3.p
18-06-11 21:09:16 [1] Padding and indexifying sentences
18-06-11 21:10:13 [1] Loading embeddings
18-06-11 21:11:25 [1] Building model from esim.py
18-06-11 21:13:24 [1] Initializing variables
18-06-11 21:13:56 [1] Training...
